# JRE version: OpenJDK Runtime Environment (17.0.9) (build 17.0.9+0--11185874)
# Java VM: OpenJDK 64-Bit Server VM (17.0.9+0--11185874, mixed mode, tiered, compressed oops, compressed class ptrs, g1 gc, windows-amd64)
GC Precious Log:
 CPUs: 8 total, 8 available
 Memory: 8029M
 Large Page Support: Disabled
 NUMA Support: Disabled
 Compressed Oops: Enabled (32-bit)
 Heap Region Size: 1M
 Heap Min Capacity: 8M
 Heap Initial Capacity: 126M
 Heap Max Capacity: 2G
 Pre-touch: Disabled
 Parallel Workers: 8
 Concurrent Workers: 2
 Concurrent Refinement Workers: 8
 Periodic GC: Disabled
Heap:
 garbage-first heap   total 194560K, used 114457K [0x0000000080000000, 0x0000000100000000)
  region size 1024K, 6 young (6144K), 6 survivors (6144K)
 Metaspace       used 104980K, committed 105728K, reserved 1179648K
  class space    used 14670K, committed 15040K, reserved 1048576K
GC Heap History (20 events):
Event: 9.941 GC heap after
{Heap after GC invocations=31 (full 0):
 garbage-first heap   total 146432K, used 74673K [0x0000000080000000, 0x0000000100000000)
  region size 1024K, 7 young (7168K), 7 survivors (7168K)
 Metaspace       used 92600K, committed 93376K, reserved 1179648K
  class space    used 13016K, committed 13376K, reserved 1048576K
}
Event: 10.168 GC heap before
{Heap before GC invocations=31 (full 0):
 garbage-first heap   total 146432K, used 117681K [0x0000000080000000, 0x0000000100000000)
  region size 1024K, 50 young (51200K), 7 survivors (7168K)
 Metaspace       used 92996K, committed 93696K, reserved 1179648K
  class space    used 13073K, committed 13440K, reserved 1048576K
}
Event: 10.175 GC heap after
{Heap after GC invocations=32 (full 0):
 garbage-first heap   total 146432K, used 79521K [0x0000000080000000, 0x0000000100000000)
  region size 1024K, 6 young (6144K), 6 survivors (6144K)
 Metaspace       used 92996K, committed 93696K, reserved 1179648K
  class space    used 13073K, committed 13440K, reserved 1048576K
}
Event: 10.597 GC heap before
{Heap before GC invocations=33 (full 0):
 garbage-first heap   total 146432K, used 123553K [0x0000000080000000, 0x0000000100000000)
  region size 1024K, 45 young (46080K), 6 survivors (6144K)
 Metaspace       used 95627K, committed 96448K, reserved 1179648K
  class space    used 13300K, committed 13696K, reserved 1048576K
}
Event: 10.602 GC heap after
{Heap after GC invocations=34 (full 0):
 garbage-first heap   total 146432K, used 82104K [0x0000000080000000, 0x0000000100000000)
  region size 1024K, 3 young (3072K), 3 survivors (3072K)
 Metaspace       used 95627K, committed 96448K, reserved 1179648K
  class space    used 13300K, committed 13696K, reserved 1048576K
}
Event: 10.647 GC heap before
{Heap before GC invocations=34 (full 0):
 garbage-first heap   total 146432K, used 86200K [0x0000000080000000, 0x0000000100000000)
  region size 1024K, 7 young (7168K), 3 survivors (3072K)
 Metaspace       used 96015K, committed 96768K, reserved 1179648K
  class space    used 13356K, committed 13760K, reserved 1048576K
}
Event: 10.652 GC heap after
{Heap after GC invocations=35 (full 0):
 garbage-first heap   total 146432K, used 80834K [0x0000000080000000, 0x0000000100000000)
  region size 1024K, 1 young (1024K), 1 survivors (1024K)
 Metaspace       used 96015K, committed 96768K, reserved 1179648K
  class space    used 13356K, committed 13760K, reserved 1048576K
}
Event: 10.989 GC heap before
{Heap before GC invocations=35 (full 0):
 garbage-first heap   total 146432K, used 119746K [0x0000000080000000, 0x0000000100000000)
  region size 1024K, 40 young (40960K), 1 survivors (1024K)
 Metaspace       used 97008K, committed 97728K, reserved 1179648K
  class space    used 13485K, committed 13824K, reserved 1048576K
}
Event: 10.993 GC heap after
{Heap after GC invocations=36 (full 0):
 garbage-first heap   total 185344K, used 84657K [0x0000000080000000, 0x0000000100000000)
  region size 1024K, 5 young (5120K), 5 survivors (5120K)
 Metaspace       used 97008K, committed 97728K, reserved 1179648K
  class space    used 13485K, committed 13824K, reserved 1048576K
}
Event: 11.257 GC heap before
{Heap before GC invocations=37 (full 0):
 garbage-first heap   total 185344K, used 147121K [0x0000000080000000, 0x0000000100000000)
  region size 1024K, 67 young (68608K), 5 survivors (5120K)
 Metaspace       used 98432K, committed 99136K, reserved 1179648K
  class space    used 13672K, committed 14016K, reserved 1048576K
}
Event: 11.263 GC heap after
{Heap after GC invocations=38 (full 0):
 garbage-first heap   total 185344K, used 93225K [0x0000000080000000, 0x0000000100000000)
  region size 1024K, 9 young (9216K), 9 survivors (9216K)
 Metaspace       used 98432K, committed 99136K, reserved 1179648K
  class space    used 13672K, committed 14016K, reserved 1048576K
}
Event: 11.266 GC heap before
{Heap before GC invocations=38 (full 0):
 garbage-first heap   total 185344K, used 93225K [0x0000000080000000, 0x0000000100000000)
  region size 1024K, 10 young (10240K), 9 survivors (9216K)
 Metaspace       used 98443K, committed 99136K, reserved 1179648K
  class space    used 13676K, committed 14016K, reserved 1048576K
}
Event: 11.270 GC heap after
{Heap after GC invocations=39 (full 0):
 garbage-first heap   total 185344K, used 94249K [0x0000000080000000, 0x0000000100000000)
  region size 1024K, 2 young (2048K), 2 survivors (2048K)
 Metaspace       used 98443K, committed 99136K, reserved 1179648K
  class space    used 13676K, committed 14016K, reserved 1048576K
}
Event: 11.566 GC heap before
{Heap before GC invocations=39 (full 0):
 garbage-first heap   total 185344K, used 146473K [0x0000000080000000, 0x0000000100000000)
  region size 1024K, 54 young (55296K), 2 survivors (2048K)
 Metaspace       used 101958K, committed 102784K, reserved 1179648K
  class space    used 14206K, committed 14592K, reserved 1048576K
}
Event: 11.571 GC heap after
{Heap after GC invocations=40 (full 0):
 garbage-first heap   total 185344K, used 98869K [0x0000000080000000, 0x0000000100000000)
  region size 1024K, 6 young (6144K), 6 survivors (6144K)
 Metaspace       used 101958K, committed 102784K, reserved 1179648K
  class space    used 14206K, committed 14592K, reserved 1048576K
}
Event: 11.763 GC heap before
{Heap before GC invocations=41 (full 0):
 garbage-first heap   total 194560K, used 149045K [0x0000000080000000, 0x0000000100000000)
  region size 1024K, 55 young (56320K), 6 survivors (6144K)
 Metaspace       used 103125K, committed 103872K, reserved 1179648K
  class space    used 14383K, committed 14720K, reserved 1048576K
}
Event: 11.773 GC heap after
{Heap after GC invocations=42 (full 0):
 garbage-first heap   total 194560K, used 107890K [0x0000000080000000, 0x0000000100000000)
  region size 1024K, 7 young (7168K), 7 survivors (7168K)
 Metaspace       used 103125K, committed 103872K, reserved 1179648K
  class space    used 14383K, committed 14720K, reserved 1048576K
}
Event: 11.779 GC heap before
{Heap before GC invocations=42 (full 0):
 garbage-first heap   total 194560K, used 109938K [0x0000000080000000, 0x0000000100000000)
  region size 1024K, 9 young (9216K), 7 survivors (7168K)
 Metaspace       used 103187K, committed 103936K, reserved 1179648K
  class space    used 14391K, committed 14720K, reserved 1048576K
}
Event: 11.787 GC heap after
{Heap after GC invocations=43 (full 0):
 garbage-first heap   total 194560K, used 108127K [0x0000000080000000, 0x0000000100000000)
  region size 1024K, 2 young (2048K), 2 survivors (2048K)
 Metaspace       used 103187K, committed 103936K, reserved 1179648K
  class space    used 14391K, committed 14720K, reserved 1048576K
}
Event: 11.942 GC heap before
{Heap before GC invocations=43 (full 0):
 garbage-first heap   total 194560K, used 155231K [0x0000000080000000, 0x0000000100000000)
  region size 1024K, 48 young (49152K), 2 survivors (2048K)
 Metaspace       used 104980K, committed 105728K, reserved 1179648K
  class space    used 14670K, committed 15040K, reserved 1048576K
}

