# JRE version: OpenJDK Runtime Environment (17.0.9) (build 17.0.9+0--11185874)
# Java VM: OpenJDK 64-Bit Server VM (17.0.9+0--11185874, mixed mode, tiered, compressed oops, compressed class ptrs, g1 gc, windows-amd64)
GC Precious Log:
 CPUs: 8 total, 8 available
 Memory: 8029M
 Large Page Support: Disabled
 NUMA Support: Disabled
 Compressed Oops: Enabled (32-bit)
 Heap Region Size: 1M
 Heap Min Capacity: 8M
 Heap Initial Capacity: 126M
 Heap Max Capacity: 2G
 Pre-touch: Disabled
 Parallel Workers: 8
 Concurrent Workers: 2
 Concurrent Refinement Workers: 8
 Periodic GC: Disabled
Heap:
 garbage-first heap   total 236544K, used 142791K [0x0000000080000000, 0x0000000100000000)
  region size 1024K, 8 young (8192K), 8 survivors (8192K)
 Metaspace       used 108063K, committed 108864K, reserved 1179648K
  class space    used 15184K, committed 15552K, reserved 1048576K
GC Heap History (20 events):
Event: 9.080 GC heap after
{Heap after GC invocations=23 (full 0):
 garbage-first heap   total 181248K, used 68663K [0x0000000080000000, 0x0000000100000000)
  region size 1024K, 8 young (8192K), 8 survivors (8192K)
 Metaspace       used 88279K, committed 89024K, reserved 1179648K
  class space    used 12339K, committed 12672K, reserved 1048576K
}
Event: 9.861 GC heap before
{Heap before GC invocations=23 (full 0):
 garbage-first heap   total 181248K, used 144439K [0x0000000080000000, 0x0000000100000000)
  region size 1024K, 83 young (84992K), 8 survivors (8192K)
 Metaspace       used 92909K, committed 93632K, reserved 1179648K
  class space    used 13080K, committed 13440K, reserved 1048576K
}
Event: 9.873 GC heap after
{Heap after GC invocations=24 (full 0):
 garbage-first heap   total 181248K, used 76032K [0x0000000080000000, 0x0000000100000000)
  region size 1024K, 11 young (11264K), 11 survivors (11264K)
 Metaspace       used 92909K, committed 93632K, reserved 1179648K
  class space    used 13080K, committed 13440K, reserved 1048576K
}
Event: 10.524 GC heap before
{Heap before GC invocations=24 (full 0):
 garbage-first heap   total 181248K, used 149760K [0x0000000080000000, 0x0000000100000000)
  region size 1024K, 79 young (80896K), 11 survivors (11264K)
 Metaspace       used 95198K, committed 95936K, reserved 1179648K
  class space    used 13289K, committed 13632K, reserved 1048576K
}
Event: 10.537 GC heap after
{Heap after GC invocations=25 (full 0):
 garbage-first heap   total 181248K, used 83185K [0x0000000080000000, 0x0000000100000000)
  region size 1024K, 8 young (8192K), 8 survivors (8192K)
 Metaspace       used 95198K, committed 95936K, reserved 1179648K
  class space    used 13289K, committed 13632K, reserved 1048576K
}
Event: 10.978 GC heap before
{Heap before GC invocations=25 (full 0):
 garbage-first heap   total 181248K, used 144625K [0x0000000080000000, 0x0000000100000000)
  region size 1024K, 69 young (70656K), 8 survivors (8192K)
 Metaspace       used 96862K, committed 97664K, reserved 1179648K
  class space    used 13467K, committed 13824K, reserved 1048576K
}
Event: 10.985 GC heap after
{Heap after GC invocations=26 (full 0):
 garbage-first heap   total 181248K, used 87825K [0x0000000080000000, 0x0000000100000000)
  region size 1024K, 6 young (6144K), 6 survivors (6144K)
 Metaspace       used 96862K, committed 97664K, reserved 1179648K
  class space    used 13467K, committed 13824K, reserved 1048576K
}
Event: 11.242 GC heap before
{Heap before GC invocations=26 (full 0):
 garbage-first heap   total 181248K, used 145169K [0x0000000080000000, 0x0000000100000000)
  region size 1024K, 63 young (64512K), 6 survivors (6144K)
 Metaspace       used 98271K, committed 99072K, reserved 1179648K
  class space    used 13655K, committed 14016K, reserved 1048576K
}
Event: 11.248 GC heap after
{Heap after GC invocations=27 (full 0):
 garbage-first heap   total 181248K, used 95256K [0x0000000080000000, 0x0000000100000000)
  region size 1024K, 8 young (8192K), 8 survivors (8192K)
 Metaspace       used 98271K, committed 99072K, reserved 1179648K
  class space    used 13655K, committed 14016K, reserved 1048576K
}
Event: 11.601 GC heap before
{Heap before GC invocations=28 (full 0):
 garbage-first heap   total 189440K, used 144408K [0x0000000080000000, 0x0000000100000000)
  region size 1024K, 57 young (58368K), 8 survivors (8192K)
 Metaspace       used 101591K, committed 102336K, reserved 1179648K
  class space    used 14178K, committed 14528K, reserved 1048576K
}
Event: 11.607 GC heap after
{Heap after GC invocations=29 (full 0):
 garbage-first heap   total 189440K, used 100864K [0x0000000080000000, 0x0000000100000000)
  region size 1024K, 6 young (6144K), 6 survivors (6144K)
 Metaspace       used 101591K, committed 102336K, reserved 1179648K
  class space    used 14178K, committed 14528K, reserved 1048576K
}
Event: 11.617 GC heap before
{Heap before GC invocations=29 (full 0):
 garbage-first heap   total 189440K, used 103936K [0x0000000080000000, 0x0000000100000000)
  region size 1024K, 9 young (9216K), 6 survivors (6144K)
 Metaspace       used 101608K, committed 102336K, reserved 1179648K
  class space    used 14179K, committed 14528K, reserved 1048576K
}
Event: 11.621 GC heap after
{Heap after GC invocations=30 (full 0):
 garbage-first heap   total 227328K, used 101403K [0x0000000080000000, 0x0000000100000000)
  region size 1024K, 2 young (2048K), 2 survivors (2048K)
 Metaspace       used 101608K, committed 102336K, reserved 1179648K
  class space    used 14179K, committed 14528K, reserved 1048576K
}
Event: 11.895 GC heap before
{Heap before GC invocations=30 (full 0):
 garbage-first heap   total 227328K, used 178203K [0x0000000080000000, 0x0000000100000000)
  region size 1024K, 78 young (79872K), 2 survivors (2048K)
 Metaspace       used 104186K, committed 104960K, reserved 1179648K
  class space    used 14567K, committed 14976K, reserved 1048576K
}
Event: 11.907 GC heap after
{Heap after GC invocations=31 (full 0):
 garbage-first heap   total 227328K, used 114688K [0x0000000080000000, 0x0000000100000000)
  region size 1024K, 10 young (10240K), 10 survivors (10240K)
 Metaspace       used 104186K, committed 104960K, reserved 1179648K
  class space    used 14567K, committed 14976K, reserved 1048576K
}
Event: 12.100 GC heap before
{Heap before GC invocations=31 (full 0):
 garbage-first heap   total 227328K, used 180224K [0x0000000080000000, 0x0000000100000000)
  region size 1024K, 74 young (75776K), 10 survivors (10240K)
 Metaspace       used 105550K, committed 106304K, reserved 1179648K
  class space    used 14748K, committed 15104K, reserved 1048576K
}
Event: 12.114 GC heap after
{Heap after GC invocations=32 (full 0):
 garbage-first heap   total 227328K, used 125451K [0x0000000080000000, 0x0000000100000000)
  region size 1024K, 10 young (10240K), 10 survivors (10240K)
 Metaspace       used 105550K, committed 106304K, reserved 1179648K
  class space    used 14748K, committed 15104K, reserved 1048576K
}
Event: 12.421 GC heap before
{Heap before GC invocations=32 (full 0):
 garbage-first heap   total 227328K, used 180747K [0x0000000080000000, 0x0000000100000000)
  region size 1024K, 65 young (66560K), 10 survivors (10240K)
 Metaspace       used 107521K, committed 108352K, reserved 1179648K
  class space    used 15100K, committed 15488K, reserved 1048576K
}
Event: 12.434 GC heap after
{Heap after GC invocations=33 (full 0):
 garbage-first heap   total 227328K, used 134597K [0x0000000080000000, 0x0000000100000000)
  region size 1024K, 9 young (9216K), 9 survivors (9216K)
 Metaspace       used 107521K, committed 108352K, reserved 1179648K
  class space    used 15100K, committed 15488K, reserved 1048576K
}
Event: 12.534 GC heap before
{Heap before GC invocations=33 (full 0):
 garbage-first heap   total 227328K, used 183749K [0x0000000080000000, 0x0000000100000000)
  region size 1024K, 57 young (58368K), 9 survivors (9216K)
 Metaspace       used 108063K, committed 108864K, reserved 1179648K
  class space    used 15184K, committed 15552K, reserved 1048576K
}

