# JRE version: OpenJDK Runtime Environment (17.0.9) (build 17.0.9+0--11185874)
# Java VM: OpenJDK 64-Bit Server VM (17.0.9+0--11185874, mixed mode, tiered, compressed oops, compressed class ptrs, g1 gc, windows-amd64)
GC Precious Log:
 CPUs: 8 total, 8 available
 Memory: 8029M
 Large Page Support: Disabled
 NUMA Support: Disabled
 Compressed Oops: Enabled (32-bit)
 Heap Region Size: 1M
 Heap Min Capacity: 8M
 Heap Initial Capacity: 126M
 Heap Max Capacity: 2G
 Pre-touch: Disabled
 Parallel Workers: 8
 Concurrent Workers: 2
 Concurrent Refinement Workers: 8
 Periodic GC: Disabled
Heap:
 garbage-first heap   total 240640K, used 133000K [0x0000000080000000, 0x0000000100000000)
  region size 1024K, 10 young (10240K), 10 survivors (10240K)
 Metaspace       used 108377K, committed 109248K, reserved 1179648K
  class space    used 15172K, committed 15552K, reserved 1048576K
GC Heap History (20 events):
Event: 8.310 GC heap after
{Heap after GC invocations=32 (full 0):
 garbage-first heap   total 134144K, used 65743K [0x0000000080000000, 0x0000000100000000)
  region size 1024K, 4 young (4096K), 4 survivors (4096K)
 Metaspace       used 83766K, committed 84480K, reserved 1179648K
  class space    used 11651K, committed 11968K, reserved 1048576K
}
Event: 8.705 GC heap before
{Heap before GC invocations=33 (full 0):
 garbage-first heap   total 134144K, used 109775K [0x0000000080000000, 0x0000000100000000)
  region size 1024K, 47 young (48128K), 4 survivors (4096K)
 Metaspace       used 87030K, committed 87680K, reserved 1179648K
  class space    used 12184K, committed 12480K, reserved 1048576K
}
Event: 8.708 GC heap after
{Heap after GC invocations=34 (full 0):
 garbage-first heap   total 134144K, used 67944K [0x0000000080000000, 0x0000000100000000)
  region size 1024K, 5 young (5120K), 5 survivors (5120K)
 Metaspace       used 87030K, committed 87680K, reserved 1179648K
  class space    used 12184K, committed 12480K, reserved 1048576K
}
Event: 8.720 GC heap before
{Heap before GC invocations=34 (full 0):
 garbage-first heap   total 134144K, used 68968K [0x0000000080000000, 0x0000000100000000)
  region size 1024K, 6 young (6144K), 5 survivors (5120K)
 Metaspace       used 87119K, committed 87744K, reserved 1179648K
  class space    used 12198K, committed 12480K, reserved 1048576K
}
Event: 8.723 GC heap after
{Heap after GC invocations=35 (full 0):
 garbage-first heap   total 134144K, used 68329K [0x0000000080000000, 0x0000000100000000)
  region size 1024K, 1 young (1024K), 1 survivors (1024K)
 Metaspace       used 87119K, committed 87744K, reserved 1179648K
  class space    used 12198K, committed 12480K, reserved 1048576K
}
Event: 9.178 GC heap before
{Heap before GC invocations=35 (full 0):
 garbage-first heap   total 134144K, used 111337K [0x0000000080000000, 0x0000000100000000)
  region size 1024K, 43 young (44032K), 1 survivors (1024K)
 Metaspace       used 90696K, committed 91392K, reserved 1179648K
  class space    used 12680K, committed 12992K, reserved 1048576K
}
Event: 9.181 GC heap after
{Heap after GC invocations=36 (full 0):
 garbage-first heap   total 134144K, used 70754K [0x0000000080000000, 0x0000000100000000)
  region size 1024K, 4 young (4096K), 4 survivors (4096K)
 Metaspace       used 90696K, committed 91392K, reserved 1179648K
  class space    used 12680K, committed 12992K, reserved 1048576K
}
Event: 9.513 GC heap before
{Heap before GC invocations=37 (full 0):
 garbage-first heap   total 134144K, used 109666K [0x0000000080000000, 0x0000000100000000)
  region size 1024K, 43 young (44032K), 4 survivors (4096K)
 Metaspace       used 92413K, committed 93184K, reserved 1179648K
  class space    used 13022K, committed 13376K, reserved 1048576K
}
Event: 9.519 GC heap after
{Heap after GC invocations=38 (full 0):
 garbage-first heap   total 134144K, used 75347K [0x0000000080000000, 0x0000000100000000)
  region size 1024K, 6 young (6144K), 6 survivors (6144K)
 Metaspace       used 92413K, committed 93184K, reserved 1179648K
  class space    used 13022K, committed 13376K, reserved 1048576K
}
Event: 9.525 GC heap before
{Heap before GC invocations=38 (full 0):
 garbage-first heap   total 134144K, used 76371K [0x0000000080000000, 0x0000000100000000)
  region size 1024K, 7 young (7168K), 6 survivors (6144K)
 Metaspace       used 92414K, committed 93184K, reserved 1179648K
  class space    used 13022K, committed 13376K, reserved 1048576K
}
Event: 9.531 GC heap after
{Heap after GC invocations=39 (full 0):
 garbage-first heap   total 240640K, used 75688K [0x0000000080000000, 0x0000000100000000)
  region size 1024K, 1 young (1024K), 1 survivors (1024K)
 Metaspace       used 92414K, committed 93184K, reserved 1179648K
  class space    used 13022K, committed 13376K, reserved 1048576K
}
Event: 10.679 GC heap before
{Heap before GC invocations=39 (full 0):
 garbage-first heap   total 240640K, used 194472K [0x0000000080000000, 0x0000000100000000)
  region size 1024K, 113 young (115712K), 1 survivors (1024K)
 Metaspace       used 96818K, committed 97536K, reserved 1179648K
  class space    used 13459K, committed 13824K, reserved 1048576K
}
Event: 10.686 GC heap after
{Heap after GC invocations=40 (full 0):
 garbage-first heap   total 240640K, used 84212K [0x0000000080000000, 0x0000000100000000)
  region size 1024K, 10 young (10240K), 10 survivors (10240K)
 Metaspace       used 96818K, committed 97536K, reserved 1179648K
  class space    used 13459K, committed 13824K, reserved 1048576K
}
Event: 11.156 GC heap before
{Heap before GC invocations=40 (full 0):
 garbage-first heap   total 240640K, used 187636K [0x0000000080000000, 0x0000000100000000)
  region size 1024K, 112 young (114688K), 10 survivors (10240K)
 Metaspace       used 99092K, committed 99840K, reserved 1179648K
  class space    used 13737K, committed 14080K, reserved 1048576K
}
Event: 11.165 GC heap after
{Heap after GC invocations=41 (full 0):
 garbage-first heap   total 240640K, used 96082K [0x0000000080000000, 0x0000000100000000)
  region size 1024K, 13 young (13312K), 13 survivors (13312K)
 Metaspace       used 99092K, committed 99840K, reserved 1179648K
  class space    used 13737K, committed 14080K, reserved 1048576K
}
Event: 11.719 GC heap before
{Heap before GC invocations=41 (full 0):
 garbage-first heap   total 240640K, used 188242K [0x0000000080000000, 0x0000000100000000)
  region size 1024K, 104 young (106496K), 13 survivors (13312K)
 Metaspace       used 103670K, committed 104448K, reserved 1179648K
  class space    used 14417K, committed 14784K, reserved 1048576K
}
Event: 11.735 GC heap after
{Heap after GC invocations=42 (full 0):
 garbage-first heap   total 240640K, used 109336K [0x0000000080000000, 0x0000000100000000)
  region size 1024K, 13 young (13312K), 13 survivors (13312K)
 Metaspace       used 103670K, committed 104448K, reserved 1179648K
  class space    used 14417K, committed 14784K, reserved 1048576K
}
Event: 11.999 GC heap before
{Heap before GC invocations=42 (full 0):
 garbage-first heap   total 240640K, used 191256K [0x0000000080000000, 0x0000000100000000)
  region size 1024K, 93 young (95232K), 13 survivors (13312K)
 Metaspace       used 105836K, committed 106624K, reserved 1179648K
  class space    used 14736K, committed 15104K, reserved 1048576K
}
Event: 12.014 GC heap after
{Heap after GC invocations=43 (full 0):
 garbage-first heap   total 240640K, used 122113K [0x0000000080000000, 0x0000000100000000)
  region size 1024K, 12 young (12288K), 12 survivors (12288K)
 Metaspace       used 105836K, committed 106624K, reserved 1179648K
  class space    used 14736K, committed 15104K, reserved 1048576K
}
Event: 12.285 GC heap before
{Heap before GC invocations=43 (full 0):
 garbage-first heap   total 240640K, used 189697K [0x0000000080000000, 0x0000000100000000)
  region size 1024K, 79 young (80896K), 12 survivors (12288K)
 Metaspace       used 108377K, committed 109248K, reserved 1179648K
  class space    used 15172K, committed 15552K, reserved 1048576K
}

