# JRE version: OpenJDK Runtime Environment (17.0.9) (build 17.0.9+0--11185874)
# Java VM: OpenJDK 64-Bit Server VM (17.0.9+0--11185874, mixed mode, tiered, compressed oops, compressed class ptrs, g1 gc, windows-amd64)
GC Precious Log:
 CPUs: 8 total, 8 available
 Memory: 8029M
 Large Page Support: Disabled
 NUMA Support: Disabled
 Compressed Oops: Enabled (32-bit)
 Heap Region Size: 1M
 Heap Min Capacity: 8M
 Heap Initial Capacity: 126M
 Heap Max Capacity: 2G
 Pre-touch: Disabled
 Parallel Workers: 8
 Concurrent Workers: 2
 Concurrent Refinement Workers: 8
 Periodic GC: Disabled
Heap:
 garbage-first heap   total 81920K, used 39553K [0x0000000080000000, 0x0000000100000000)
  region size 1024K, 1 young (1024K), 1 survivors (1024K)
 Metaspace       used 35553K, committed 35904K, reserved 1114112K
  class space    used 4898K, committed 5056K, reserved 1048576K
GC Heap History (17 events):
Event: 0.554 GC heap before
{Heap before GC invocations=0 (full 0):
 garbage-first heap   total 129024K, used 26624K [0x0000000080000000, 0x0000000100000000)
  region size 1024K, 23 young (23552K), 0 survivors (0K)
 Metaspace       used 10514K, committed 10624K, reserved 1114112K
  class space    used 1094K, committed 1152K, reserved 1048576K
}
Event: 0.558 GC heap after
{Heap after GC invocations=1 (full 0):
 garbage-first heap   total 129024K, used 10411K [0x0000000080000000, 0x0000000100000000)
  region size 1024K, 3 young (3072K), 3 survivors (3072K)
 Metaspace       used 10514K, committed 10624K, reserved 1114112K
  class space    used 1094K, committed 1152K, reserved 1048576K
}
Event: 0.844 GC heap before
{Heap before GC invocations=1 (full 0):
 garbage-first heap   total 129024K, used 38059K [0x0000000080000000, 0x0000000100000000)
  region size 1024K, 31 young (31744K), 3 survivors (3072K)
 Metaspace       used 11481K, committed 11648K, reserved 1114112K
  class space    used 1200K, committed 1280K, reserved 1048576K
}
Event: 0.848 GC heap after
{Heap after GC invocations=2 (full 0):
 garbage-first heap   total 129024K, used 12484K [0x0000000080000000, 0x0000000100000000)
  region size 1024K, 2 young (2048K), 2 survivors (2048K)
 Metaspace       used 11481K, committed 11648K, reserved 1114112K
  class space    used 1200K, committed 1280K, reserved 1048576K
}
Event: 1.675 GC heap before
{Heap before GC invocations=2 (full 0):
 garbage-first heap   total 129024K, used 58564K [0x0000000080000000, 0x0000000100000000)
  region size 1024K, 47 young (48128K), 2 survivors (2048K)
 Metaspace       used 21308K, committed 21504K, reserved 1114112K
  class space    used 2526K, committed 2624K, reserved 1048576K
}
Event: 1.680 GC heap after
{Heap after GC invocations=3 (full 0):
 garbage-first heap   total 129024K, used 18957K [0x0000000080000000, 0x0000000100000000)
  region size 1024K, 9 young (9216K), 9 survivors (9216K)
 Metaspace       used 21308K, committed 21504K, reserved 1114112K
  class space    used 2526K, committed 2624K, reserved 1048576K
}
Event: 2.159 GC heap before
{Heap before GC invocations=4 (full 0):
 garbage-first heap   total 71680K, used 51725K [0x0000000080000000, 0x0000000100000000)
  region size 1024K, 42 young (43008K), 9 survivors (9216K)
 Metaspace       used 26614K, committed 26944K, reserved 1114112K
  class space    used 3431K, committed 3584K, reserved 1048576K
}
Event: 2.163 GC heap after
{Heap after GC invocations=5 (full 0):
 garbage-first heap   total 71680K, used 20856K [0x0000000080000000, 0x0000000100000000)
  region size 1024K, 3 young (3072K), 3 survivors (3072K)
 Metaspace       used 26614K, committed 26944K, reserved 1114112K
  class space    used 3431K, committed 3584K, reserved 1048576K
}
Event: 2.173 GC heap before
{Heap before GC invocations=5 (full 0):
 garbage-first heap   total 71680K, used 21880K [0x0000000080000000, 0x0000000100000000)
  region size 1024K, 4 young (4096K), 3 survivors (3072K)
 Metaspace       used 26803K, committed 27072K, reserved 1114112K
  class space    used 3457K, committed 3584K, reserved 1048576K
}
Event: 2.176 GC heap after
{Heap after GC invocations=6 (full 0):
 garbage-first heap   total 71680K, used 21037K [0x0000000080000000, 0x0000000100000000)
  region size 1024K, 1 young (1024K), 1 survivors (1024K)
 Metaspace       used 26803K, committed 27072K, reserved 1114112K
  class space    used 3457K, committed 3584K, reserved 1048576K
}
Event: 2.537 GC heap before
{Heap before GC invocations=6 (full 0):
 garbage-first heap   total 71680K, used 49709K [0x0000000080000000, 0x0000000100000000)
  region size 1024K, 29 young (29696K), 1 survivors (1024K)
 Metaspace       used 30779K, committed 31104K, reserved 1114112K
  class space    used 4135K, committed 4288K, reserved 1048576K
}
Event: 2.539 GC heap after
{Heap after GC invocations=7 (full 0):
 garbage-first heap   total 71680K, used 22412K [0x0000000080000000, 0x0000000100000000)
  region size 1024K, 2 young (2048K), 2 survivors (2048K)
 Metaspace       used 30779K, committed 31104K, reserved 1114112K
  class space    used 4135K, committed 4288K, reserved 1048576K
}
Event: 2.643 GC heap before
{Heap before GC invocations=7 (full 0):
 garbage-first heap   total 71680K, used 35724K [0x0000000080000000, 0x0000000100000000)
  region size 1024K, 9 young (9216K), 2 survivors (2048K)
 Metaspace       used 31173K, committed 31488K, reserved 1114112K
  class space    used 4206K, committed 4352K, reserved 1048576K
}
Event: 2.647 GC heap after
{Heap after GC invocations=8 (full 0):
 garbage-first heap   total 71680K, used 33174K [0x0000000080000000, 0x0000000100000000)
  region size 1024K, 4 young (4096K), 4 survivors (4096K)
 Metaspace       used 31173K, committed 31488K, reserved 1114112K
  class space    used 4206K, committed 4352K, reserved 1048576K
}
Event: 2.883 GC heap before
{Heap before GC invocations=8 (full 0):
 garbage-first heap   total 71680K, used 55702K [0x0000000080000000, 0x0000000100000000)
  region size 1024K, 24 young (24576K), 4 survivors (4096K)
 Metaspace       used 33493K, committed 33856K, reserved 1114112K
  class space    used 4576K, committed 4736K, reserved 1048576K
}
Event: 2.887 GC heap after
{Heap after GC invocations=9 (full 0):
 garbage-first heap   total 71680K, used 39053K [0x0000000080000000, 0x0000000100000000)
  region size 1024K, 3 young (3072K), 3 survivors (3072K)
 Metaspace       used 33493K, committed 33856K, reserved 1114112K
  class space    used 4576K, committed 4736K, reserved 1048576K
}
Event: 3.071 GC heap before
{Heap before GC invocations=9 (full 0):
 garbage-first heap   total 71680K, used 55437K [0x0000000080000000, 0x0000000100000000)
  region size 1024K, 19 young (19456K), 3 survivors (3072K)
 Metaspace       used 35553K, committed 35904K, reserved 1114112K
  class space    used 4898K, committed 5056K, reserved 1048576K
}

