# JRE version: OpenJDK Runtime Environment (17.0.9) (build 17.0.9+0--11185874)
# Java VM: OpenJDK 64-Bit Server VM (17.0.9+0--11185874, mixed mode, tiered, compressed oops, compressed class ptrs, g1 gc, windows-amd64)
GC Precious Log:
 CPUs: 8 total, 8 available
 Memory: 8029M
 Large Page Support: Disabled
 NUMA Support: Disabled
 Compressed Oops: Enabled (32-bit)
 Heap Region Size: 1M
 Heap Min Capacity: 8M
 Heap Initial Capacity: 126M
 Heap Max Capacity: 2G
 Pre-touch: Disabled
 Parallel Workers: 8
 Concurrent Workers: 2
 Concurrent Refinement Workers: 8
 Periodic GC: Disabled
Heap:
 garbage-first heap   total 374784K, used 228352K [0x0000000080000000, 0x0000000100000000)
  region size 1024K, 36 young (36864K), 2 survivors (2048K)
 Metaspace       used 123954K, committed 124800K, reserved 1179648K
  class space    used 17044K, committed 17472K, reserved 1048576K
GC Heap History (20 events):
Event: 12.199 GC heap before
{Heap before GC invocations=35 (full 0):
 garbage-first heap   total 202752K, used 175903K [0x0000000080000000, 0x0000000100000000)
  region size 1024K, 60 young (61440K), 10 survivors (10240K)
 Metaspace       used 97103K, committed 97920K, reserved 1179648K
  class space    used 13447K, committed 13824K, reserved 1048576K
}
Event: 12.208 GC heap after
{Heap after GC invocations=36 (full 0):
 garbage-first heap   total 202752K, used 115073K [0x0000000080000000, 0x0000000100000000)
  region size 1024K, 6 young (6144K), 6 survivors (6144K)
 Metaspace       used 97103K, committed 97920K, reserved 1179648K
  class space    used 13447K, committed 13824K, reserved 1048576K
}
Event: 12.512 GC heap before
{Heap before GC invocations=36 (full 0):
 garbage-first heap   total 202752K, used 162177K [0x0000000080000000, 0x0000000100000000)
  region size 1024K, 53 young (54272K), 6 survivors (6144K)
 Metaspace       used 100336K, committed 101120K, reserved 1179648K
  class space    used 13766K, committed 14144K, reserved 1048576K
}
Event: 12.519 GC heap after
{Heap after GC invocations=37 (full 0):
 garbage-first heap   total 202752K, used 120955K [0x0000000080000000, 0x0000000100000000)
  region size 1024K, 6 young (6144K), 6 survivors (6144K)
 Metaspace       used 100336K, committed 101120K, reserved 1179648K
  class space    used 13766K, committed 14144K, reserved 1048576K
}
Event: 12.726 GC heap before
{Heap before GC invocations=37 (full 0):
 garbage-first heap   total 202752K, used 164987K [0x0000000080000000, 0x0000000100000000)
  region size 1024K, 50 young (51200K), 6 survivors (6144K)
 Metaspace       used 100846K, committed 101632K, reserved 1179648K
  class space    used 13797K, committed 14144K, reserved 1048576K
}
Event: 12.734 GC heap after
{Heap after GC invocations=38 (full 0):
 garbage-first heap   total 374784K, used 123132K [0x0000000080000000, 0x0000000100000000)
  region size 1024K, 3 young (3072K), 3 survivors (3072K)
 Metaspace       used 100846K, committed 101632K, reserved 1179648K
  class space    used 13797K, committed 14144K, reserved 1048576K
}
Event: 14.168 GC heap before
{Heap before GC invocations=38 (full 0):
 garbage-first heap   total 374784K, used 263420K [0x0000000080000000, 0x0000000100000000)
  region size 1024K, 141 young (144384K), 3 survivors (3072K)
 Metaspace       used 104676K, committed 105408K, reserved 1179648K
  class space    used 14203K, committed 14592K, reserved 1048576K
}
Event: 14.190 GC heap after
{Heap after GC invocations=39 (full 0):
 garbage-first heap   total 374784K, used 127586K [0x0000000080000000, 0x0000000100000000)
  region size 1024K, 8 young (8192K), 8 survivors (8192K)
 Metaspace       used 104676K, committed 105408K, reserved 1179648K
  class space    used 14203K, committed 14592K, reserved 1048576K
}
Event: 15.506 GC heap before
{Heap before GC invocations=39 (full 0):
 garbage-first heap   total 374784K, used 295522K [0x0000000080000000, 0x0000000100000000)
  region size 1024K, 171 young (175104K), 8 survivors (8192K)
 Metaspace       used 106777K, committed 107584K, reserved 1179648K
  class space    used 14457K, committed 14848K, reserved 1048576K
}
Event: 15.514 GC heap after
{Heap after GC invocations=40 (full 0):
 garbage-first heap   total 374784K, used 133723K [0x0000000080000000, 0x0000000100000000)
  region size 1024K, 14 young (14336K), 14 survivors (14336K)
 Metaspace       used 106777K, committed 107584K, reserved 1179648K
  class space    used 14457K, committed 14848K, reserved 1048576K
}
Event: 16.598 GC heap before
{Heap before GC invocations=40 (full 0):
 garbage-first heap   total 374784K, used 299611K [0x0000000080000000, 0x0000000100000000)
  region size 1024K, 177 young (181248K), 14 survivors (14336K)
 Metaspace       used 108136K, committed 108992K, reserved 1179648K
  class space    used 14630K, committed 15040K, reserved 1048576K
}
Event: 16.606 GC heap after
{Heap after GC invocations=41 (full 0):
 garbage-first heap   total 374784K, used 134689K [0x0000000080000000, 0x0000000100000000)
  region size 1024K, 13 young (13312K), 13 survivors (13312K)
 Metaspace       used 108136K, committed 108992K, reserved 1179648K
  class space    used 14630K, committed 15040K, reserved 1048576K
}
Event: 17.712 GC heap before
{Heap before GC invocations=41 (full 0):
 garbage-first heap   total 374784K, used 303649K [0x0000000080000000, 0x0000000100000000)
  region size 1024K, 179 young (183296K), 13 survivors (13312K)
 Metaspace       used 114994K, committed 115840K, reserved 1179648K
  class space    used 15659K, committed 16064K, reserved 1048576K
}
Event: 17.734 GC heap after
{Heap after GC invocations=42 (full 0):
 garbage-first heap   total 374784K, used 157930K [0x0000000080000000, 0x0000000100000000)
  region size 1024K, 23 young (23552K), 23 survivors (23552K)
 Metaspace       used 114994K, committed 115840K, reserved 1179648K
  class space    used 15659K, committed 16064K, reserved 1048576K
}
Event: 18.417 GC heap before
{Heap before GC invocations=42 (full 0):
 garbage-first heap   total 374784K, used 297194K [0x0000000080000000, 0x0000000100000000)
  region size 1024K, 160 young (163840K), 23 survivors (23552K)
 Metaspace       used 118920K, committed 119744K, reserved 1179648K
  class space    used 16281K, committed 16704K, reserved 1048576K
}
Event: 18.448 GC heap after
{Heap after GC invocations=43 (full 0):
 garbage-first heap   total 374784K, used 178998K [0x0000000080000000, 0x0000000100000000)
  region size 1024K, 20 young (20480K), 20 survivors (20480K)
 Metaspace       used 118920K, committed 119744K, reserved 1179648K
  class space    used 16281K, committed 16704K, reserved 1048576K
}
Event: 19.142 GC heap before
{Heap before GC invocations=43 (full 0):
 garbage-first heap   total 374784K, used 298806K [0x0000000080000000, 0x0000000100000000)
  region size 1024K, 137 young (140288K), 20 survivors (20480K)
 Metaspace       used 122858K, committed 123712K, reserved 1179648K
  class space    used 16959K, committed 17344K, reserved 1048576K
}
Event: 19.165 GC heap after
{Heap after GC invocations=44 (full 0):
 garbage-first heap   total 374784K, used 193448K [0x0000000080000000, 0x0000000100000000)
  region size 1024K, 13 young (13312K), 13 survivors (13312K)
 Metaspace       used 122858K, committed 123712K, reserved 1179648K
  class space    used 16959K, committed 17344K, reserved 1048576K
}
Event: 19.662 GC heap before
{Heap before GC invocations=44 (full 0):
 garbage-first heap   total 374784K, used 301992K [0x0000000080000000, 0x0000000100000000)
  region size 1024K, 120 young (122880K), 13 survivors (13312K)
 Metaspace       used 123924K, committed 124736K, reserved 1179648K
  class space    used 17036K, committed 17472K, reserved 1048576K
}
Event: 19.674 GC heap after
{Heap after GC invocations=45 (full 0):
 garbage-first heap   total 374784K, used 194560K [0x0000000080000000, 0x0000000100000000)
  region size 1024K, 2 young (2048K), 2 survivors (2048K)
 Metaspace       used 123924K, committed 124736K, reserved 1179648K
  class space    used 17036K, committed 17472K, reserved 1048576K
}

